# JRE version: OpenJDK Runtime Environment (21.0.8) (build 21.0.8+-14018985-b1038.68)
# Java VM: OpenJDK 64-Bit Server VM (21.0.8+-14018985-b1038.68, mixed mode, tiered, compressed oops, compressed class ptrs, g1 gc, windows-amd64)
GC Precious Log:
 CardTable entry size: 512
 Card Set container configuration: InlinePtr #cards 5 size 8 Array Of Cards #cards 12 size 40 Howl #buckets 4 coarsen threshold 1843 Howl Bitmap #cards 512 size 80 coarsen threshold 460 Card regions per heap region 1 cards per card region 2048
 CPUs: 8 total, 8 available
 Memory: 7934M
 Large Page Support: Disabled
 NUMA Support: Disabled
 Compressed Oops: Enabled (32-bit)
 Heap Region Size: 1M
 Heap Min Capacity: 8M
 Heap Initial Capacity: 124M
 Heap Max Capacity: 1984M
 Pre-touch: Disabled
 Parallel Workers: 8
 Concurrent Workers: 2
 Concurrent Refinement Workers: 8
 Periodic GC: Disabled
Heap:
 garbage-first heap   total 67584K, used 45990K [0x0000000084000000, 0x0000000100000000)
  region size 1024K, 3 young (3072K), 3 survivors (3072K)
 Metaspace       used 53013K, committed 53632K, reserved 1114112K
  class space    used 6349K, committed 6656K, reserved 1048576K
GC Heap History (20 events):
Event: 1.491 GC heap after
{Heap after GC invocations=9 (full 0):
 garbage-first heap   total 53248K, used 20729K [0x0000000084000000, 0x0000000100000000)
  region size 1024K, 2 young (2048K), 2 survivors (2048K)
 Metaspace       used 30865K, committed 31104K, reserved 1114112K
  class space    used 3896K, committed 4032K, reserved 1048576K
}
Event: 1.751 GC heap before
{Heap before GC invocations=9 (full 0):
 garbage-first heap   total 53248K, used 42233K [0x0000000084000000, 0x0000000100000000)
  region size 1024K, 24 young (24576K), 2 survivors (2048K)
 Metaspace       used 35815K, committed 36032K, reserved 1114112K
  class space    used 4333K, committed 4416K, reserved 1048576K
}
Event: 1.756 GC heap after
{Heap after GC invocations=10 (full 0):
 garbage-first heap   total 53248K, used 23228K [0x0000000084000000, 0x0000000100000000)
  region size 1024K, 3 young (3072K), 3 survivors (3072K)
 Metaspace       used 35815K, committed 36032K, reserved 1114112K
  class space    used 4333K, committed 4416K, reserved 1048576K
}
Event: 2.027 GC heap before
{Heap before GC invocations=10 (full 0):
 garbage-first heap   total 53248K, used 43708K [0x0000000084000000, 0x0000000100000000)
  region size 1024K, 23 young (23552K), 3 survivors (3072K)
 Metaspace       used 38824K, committed 39552K, reserved 1114112K
  class space    used 4796K, committed 5120K, reserved 1048576K
}
Event: 2.033 GC heap after
{Heap after GC invocations=11 (full 0):
 garbage-first heap   total 53248K, used 24764K [0x0000000084000000, 0x0000000100000000)
  region size 1024K, 2 young (2048K), 2 survivors (2048K)
 Metaspace       used 38824K, committed 39552K, reserved 1114112K
  class space    used 4796K, committed 5120K, reserved 1048576K
}
Event: 2.440 GC heap before
{Heap before GC invocations=11 (full 0):
 garbage-first heap   total 53248K, used 45244K [0x0000000084000000, 0x0000000100000000)
  region size 1024K, 22 young (22528K), 2 survivors (2048K)
 Metaspace       used 43912K, committed 44608K, reserved 1114112K
  class space    used 5414K, committed 5760K, reserved 1048576K
}
Event: 2.445 GC heap after
{Heap after GC invocations=12 (full 0):
 garbage-first heap   total 53248K, used 26997K [0x0000000084000000, 0x0000000100000000)
  region size 1024K, 3 young (3072K), 3 survivors (3072K)
 Metaspace       used 43912K, committed 44608K, reserved 1114112K
  class space    used 5414K, committed 5760K, reserved 1048576K
}
Event: 2.561 GC heap before
{Heap before GC invocations=12 (full 0):
 garbage-first heap   total 53248K, used 33141K [0x0000000084000000, 0x0000000100000000)
  region size 1024K, 10 young (10240K), 3 survivors (3072K)
 Metaspace       used 45671K, committed 46400K, reserved 1114112K
  class space    used 5624K, committed 5952K, reserved 1048576K
}
Event: 2.566 GC heap after
{Heap after GC invocations=13 (full 0):
 garbage-first heap   total 64512K, used 28020K [0x0000000084000000, 0x0000000100000000)
  region size 1024K, 1 young (1024K), 1 survivors (1024K)
 Metaspace       used 45671K, committed 46400K, reserved 1114112K
  class space    used 5624K, committed 5952K, reserved 1048576K
}
Event: 2.864 GC heap before
{Heap before GC invocations=13 (full 0):
 garbage-first heap   total 64512K, used 49524K [0x0000000084000000, 0x0000000100000000)
  region size 1024K, 21 young (21504K), 1 survivors (1024K)
 Metaspace       used 48745K, committed 49408K, reserved 1114112K
  class space    used 5963K, committed 6272K, reserved 1048576K
}
Event: 2.870 GC heap after
{Heap after GC invocations=14 (full 0):
 garbage-first heap   total 64512K, used 33383K [0x0000000084000000, 0x0000000100000000)
  region size 1024K, 4 young (4096K), 4 survivors (4096K)
 Metaspace       used 48745K, committed 49408K, reserved 1114112K
  class space    used 5963K, committed 6272K, reserved 1048576K
}
Event: 2.959 GC heap before
{Heap before GC invocations=15 (full 0):
 garbage-first heap   total 64512K, used 54887K [0x0000000084000000, 0x0000000100000000)
  region size 1024K, 25 young (25600K), 4 survivors (4096K)
 Metaspace       used 48767K, committed 49408K, reserved 1114112K
  class space    used 5963K, committed 6272K, reserved 1048576K
}
Event: 2.965 GC heap after
{Heap after GC invocations=16 (full 0):
 garbage-first heap   total 64512K, used 35422K [0x0000000084000000, 0x0000000100000000)
  region size 1024K, 2 young (2048K), 2 survivors (2048K)
 Metaspace       used 48767K, committed 49408K, reserved 1114112K
  class space    used 5963K, committed 6272K, reserved 1048576K
}
Event: 3.158 GC heap before
{Heap before GC invocations=16 (full 0):
 garbage-first heap   total 64512K, used 54878K [0x0000000084000000, 0x0000000100000000)
  region size 1024K, 22 young (22528K), 2 survivors (2048K)
 Metaspace       used 49888K, committed 50496K, reserved 1114112K
  class space    used 6095K, committed 6400K, reserved 1048576K
}
Event: 3.163 GC heap after
{Heap after GC invocations=17 (full 0):
 garbage-first heap   total 64512K, used 36463K [0x0000000084000000, 0x0000000100000000)
  region size 1024K, 3 young (3072K), 3 survivors (3072K)
 Metaspace       used 49888K, committed 50496K, reserved 1114112K
  class space    used 6095K, committed 6400K, reserved 1048576K
}
Event: 3.585 GC heap before
{Heap before GC invocations=17 (full 0):
 garbage-first heap   total 64512K, used 55919K [0x0000000084000000, 0x0000000100000000)
  region size 1024K, 22 young (22528K), 3 survivors (3072K)
 Metaspace       used 51140K, committed 51840K, reserved 1114112K
  class space    used 6156K, committed 6464K, reserved 1048576K
}
Event: 3.594 GC heap after
{Heap after GC invocations=18 (full 0):
 garbage-first heap   total 64512K, used 39846K [0x0000000084000000, 0x0000000100000000)
  region size 1024K, 3 young (3072K), 3 survivors (3072K)
 Metaspace       used 51140K, committed 51840K, reserved 1114112K
  class space    used 6156K, committed 6464K, reserved 1048576K
}
Event: 3.874 GC heap before
{Heap before GC invocations=19 (full 0):
 garbage-first heap   total 66560K, used 57254K [0x0000000084000000, 0x0000000100000000)
  region size 1024K, 20 young (20480K), 3 survivors (3072K)
 Metaspace       used 51825K, committed 52480K, reserved 1114112K
  class space    used 6197K, committed 6528K, reserved 1048576K
}
Event: 3.881 GC heap after
{Heap after GC invocations=20 (full 0):
 garbage-first heap   total 66560K, used 42904K [0x0000000084000000, 0x0000000100000000)
  region size 1024K, 3 young (3072K), 3 survivors (3072K)
 Metaspace       used 51825K, committed 52480K, reserved 1114112K
  class space    used 6197K, committed 6528K, reserved 1048576K
}
Event: 4.253 GC heap before
{Heap before GC invocations=20 (full 0):
 garbage-first heap   total 66560K, used 59288K [0x0000000084000000, 0x0000000100000000)
  region size 1024K, 19 young (19456K), 3 survivors (3072K)
 Metaspace       used 53013K, committed 53632K, reserved 1114112K
  class space    used 6349K, committed 6656K, reserved 1048576K
}

